Min X value: -12.95802
Min Y value: 0
Min Z value: -12.9573
Max X value: 2004.363
Max Y value: 0
Max Z value: 1997.785
Key: charpos in X , Y , Z , Time since start capture
1043.066 , 51.10947 , 692.8281 , 0
1043.066 , 51.10947 , 692.8281 , 0.02
1043.066 , 51.10947 , 692.8281 , 0.04
1043.066 , 51.10947 , 692.8281 , 0.06
1043.066 , 51.10947 , 692.8281 , 0.08
1043.066 , 51.10947 , 692.8281 , 0.09999999
1043.066 , 51.10947 , 692.8281 , 0.12
1043.066 , 51.10947 , 692.8281 , 0.14
1043.066 , 51.10947 , 692.8281 , 0.16
1043.066 , 51.10947 , 692.8281 , 0.18
1043.066 , 51.10947 , 692.8281 , 0.2
1043.066 , 51.10947 , 692.8281 , 0.22
1043.066 , 51.10947 , 692.8281 , 0.24
1043.066 , 51.10947 , 692.8281 , 0.26
1043.066 , 51.10947 , 692.8281 , 0.28
1043.066 , 51.10947 , 692.8281 , 0.3
1043.066 , 51.10947 , 692.8281 , 0.32
1043.066 , 51.10947 , 692.8281 , 0.34
1043.066 , 51.10947 , 692.8281 , 0.36
1043.066 , 51.10947 , 692.8281 , 0.38
1043.066 , 51.10947 , 692.8281 , 0.4
1043.066 , 51.10947 , 692.8281 , 0.42
1043.066 , 51.10947 , 692.8281 , 0.44
1043.066 , 51.10947 , 692.8281 , 0.46
1043.066 , 51.10947 , 692.8281 , 0.48
1043.066 , 51.10947 , 692.8281 , 0.5
1043.066 , 51.10947 , 692.8281 , 0.52
1043.066 , 51.10947 , 692.8281 , 0.54
1043.066 , 51.10947 , 692.8281 , 0.56
1043.066 , 51.10947 , 692.8281 , 0.58
1043.066 , 51.10947 , 692.8281 , 0.6
1043.066 , 51.10947 , 692.8281 , 0.62
1043.066 , 51.10947 , 692.8281 , 0.64
1043.066 , 51.10947 , 692.8281 , 0.66
1043.066 , 51.10947 , 692.8281 , 0.68
1043.066 , 51.10947 , 692.8281 , 0.7
1043.066 , 51.10947 , 692.8281 , 0.72
1043.066 , 51.10947 , 692.8281 , 0.74
1043.066 , 51.10947 , 692.8281 , 0.76
1043.066 , 51.10947 , 692.8281 , 0.78
1043.066 , 51.10947 , 692.8281 , 0.8
1043.066 , 51.10947 , 692.8281 , 0.82
1043.066 , 51.10947 , 692.8281 , 0.84
1043.066 , 51.10947 , 692.8281 , 0.86
1043.066 , 51.10947 , 692.8281 , 0.88
1043.066 , 51.10947 , 692.8281 , 0.9
1043.066 , 51.10947 , 692.8281 , 0.92
1043.066 , 51.10947 , 692.8281 , 0.94
1043.066 , 51.10947 , 692.8281 , 0.96
1043.066 , 51.10947 , 692.8281 , 0.98
1043.066 , 51.10947 , 692.8281 , 1
1043.066 , 51.10947 , 692.8281 , 1.02
1043.066 , 51.10947 , 692.8281 , 1.04
1043.066 , 51.10947 , 692.8281 , 1.06
1043.066 , 51.10947 , 692.8281 , 1.08
1043.066 , 51.10947 , 692.8281 , 1.1
1043.071 , 51.10943 , 692.8208 , 1.12
1043.086 , 51.10929 , 692.7988 , 1.14
1043.116 , 51.109 , 692.7528 , 1.16
1043.153 , 51.10866 , 692.698 , 1.18
1043.198 , 51.10824 , 692.6315 , 1.2
1043.259 , 51.10767 , 692.5402 , 1.22
1043.328 , 51.10701 , 692.4388 , 1.24
1043.403 , 51.10631 , 692.3239 , 1.26
1043.48 , 51.1056 , 692.1955 , 1.28
1043.558 , 51.10487 , 692.0477 , 1.3
1043.625 , 51.10609 , 691.8647 , 1.32
1043.698 , 51.10792 , 691.6693 , 1.34
1043.773 , 51.1099 , 691.4581 , 1.36
1043.854 , 51.11983 , 691.2201 , 1.38
1043.935 , 51.1315 , 690.9711 , 1.4
1044.022 , 51.144 , 690.7045 , 1.42
1044.114 , 51.15738 , 690.4192 , 1.44
1044.208 , 51.17074 , 690.134 , 1.46
1044.3 , 51.18412 , 689.8488 , 1.48
1044.393 , 51.19749 , 689.5635 , 1.5
1044.486 , 51.21086 , 689.2783 , 1.52
1044.579 , 51.22167 , 688.993 , 1.54
1044.672 , 51.22795 , 688.7078 , 1.56
1044.794 , 51.23336 , 688.4338 , 1.58
1045.056 , 51.23257 , 688.2874 , 1.6
1045.346 , 51.22931 , 688.21 , 1.62
1045.642 , 51.22519 , 688.1595 , 1.64
1045.94 , 51.37719 , 688.1284 , 1.66
1046.239 , 51.52119 , 688.0972 , 1.68
1046.537 , 51.65719 , 688.0661 , 1.7
1046.835 , 51.78519 , 688.035 , 1.72
1047.134 , 51.90519 , 688.0039 , 1.74
1047.432 , 52.01719 , 687.9728 , 1.76
1047.73 , 52.12119 , 687.9416 , 1.78
1048.029 , 52.21719 , 687.9106 , 1.8
1048.327 , 52.30519 , 687.8795 , 1.82
1048.626 , 52.38519 , 687.8483 , 1.84
1048.924 , 52.45719 , 687.8172 , 1.86
1049.222 , 52.52119 , 687.7861 , 1.88
1049.521 , 52.57719 , 687.755 , 1.9
1049.819 , 52.62519 , 687.7239 , 1.92
1050.118 , 52.66519 , 687.6927 , 1.94
1050.416 , 52.69719 , 687.6616 , 1.96
1050.714 , 52.72119 , 687.6306 , 1.98
1051.013 , 52.73719 , 687.5994 , 2
1051.311 , 52.74519 , 687.5683 , 2.02
1051.61 , 52.74519 , 687.5372 , 2.04
1051.908 , 52.73719 , 687.5061 , 2.06
1052.206 , 52.72119 , 687.475 , 2.08
1052.505 , 52.69719 , 687.4438 , 2.1
1052.803 , 52.66519 , 687.4127 , 2.12
1053.101 , 52.62519 , 687.3816 , 2.14
1053.4 , 52.57719 , 687.3505 , 2.16
1053.698 , 52.52119 , 687.3194 , 2.18
1053.997 , 52.45719 , 687.2883 , 2.2
1054.295 , 52.38519 , 687.2571 , 2.22
1054.593 , 52.30519 , 687.2261 , 2.24
1054.892 , 52.21719 , 687.1949 , 2.26
1055.19 , 52.12119 , 687.1638 , 2.28
1055.488 , 52.01719 , 687.1327 , 2.3
1055.787 , 51.90519 , 687.1016 , 2.32
1056.085 , 51.78519 , 687.0705 , 2.34
1056.384 , 51.65719 , 687.0394 , 2.36
1056.682 , 51.52119 , 687.0082 , 2.38
1056.98 , 51.37719 , 686.9771 , 2.4
1057.279 , 51.22519 , 686.946 , 2.42
1057.577 , 51.06519 , 686.9149 , 2.44
1057.875 , 50.89719 , 686.8838 , 2.46
1058.174 , 50.72119 , 686.8527 , 2.48
1058.472 , 50.53719 , 686.8216 , 2.5
1058.771 , 50.34519 , 686.7905 , 2.52
1059.069 , 50.14519 , 686.7593 , 2.54
1059.367 , 49.93719 , 686.7282 , 2.56
1059.666 , 49.72119 , 686.6971 , 2.58
1059.964 , 49.49719 , 686.666 , 2.6
1060.263 , 49.26519 , 686.6349 , 2.62
1060.561 , 49.02519 , 686.6038 , 2.64
1060.859 , 48.77719 , 686.5726 , 2.66
1061.158 , 48.52119 , 686.5416 , 2.68
1061.456 , 48.25719 , 686.5104 , 2.7
1061.755 , 47.98519 , 686.4793 , 2.72
1062.053 , 47.70519 , 686.4482 , 2.74
1062.351 , 47.41719 , 686.4171 , 2.76
1062.65 , 47.12119 , 686.386 , 2.78
1062.948 , 46.81719 , 686.3549 , 2.8
1063.246 , 46.50519 , 686.3237 , 2.82
1063.545 , 46.18519 , 686.2926 , 2.84
1063.843 , 45.85719 , 686.2615 , 2.86
1064.142 , 45.52119 , 686.2304 , 2.88
1064.44 , 45.17719 , 686.1993 , 2.9
1064.738 , 44.82519 , 686.1682 , 2.92
1065.037 , 44.46519 , 686.1371 , 2.94
1065.335 , 44.09719 , 686.106 , 2.96
1065.633 , 43.72119 , 686.0748 , 2.98
1065.932 , 43.33719 , 686.0437 , 3
1066.23 , 43.0313 , 686.0126 , 3.02
1066.51 , 43.0233 , 686.1204 , 3.04
1066.79 , 43.0073 , 686.2281 , 3.06
1067.07 , 42.9833 , 686.3358 , 3.08
1067.35 , 42.9513 , 686.4435 , 3.1
1067.63 , 42.9113 , 686.5513 , 3.12
1067.91 , 42.8633 , 686.6591 , 3.14
1068.19 , 42.8073 , 686.7668 , 3.16
1068.47 , 42.7433 , 686.8745 , 3.18
1068.75 , 42.6713 , 686.9822 , 3.2
1069.03 , 42.5913 , 687.09 , 3.22
1069.31 , 42.5033 , 687.1978 , 3.24
1069.59 , 42.4073 , 687.3055 , 3.26
1069.87 , 42.3033 , 687.4132 , 3.28
1070.15 , 42.1913 , 687.5209 , 3.3
1070.43 , 42.0713 , 687.6287 , 3.32
1070.71 , 41.94329 , 687.7364 , 3.34
1070.99 , 41.8073 , 687.8442 , 3.36
1071.27 , 41.6633 , 687.9519 , 3.38
1071.55 , 41.5113 , 688.0596 , 3.4
1071.83 , 41.3513 , 688.1674 , 3.42
1072.11 , 41.1833 , 688.2751 , 3.44
1072.39 , 41.0073 , 688.3829 , 3.46
1072.67 , 40.8233 , 688.4906 , 3.48
1072.95 , 40.6313 , 688.5984 , 3.5
1073.23 , 40.4313 , 688.7061 , 3.52
1073.51 , 40.2233 , 688.8138 , 3.54
1073.79 , 40.0073 , 688.9216 , 3.56
1074.07 , 39.78329 , 689.0293 , 3.58
1074.35 , 39.5513 , 689.1371 , 3.6
1074.63 , 39.3113 , 689.2448 , 3.62
1074.91 , 39.0633 , 689.3525 , 3.64
1075.19 , 38.8073 , 689.4603 , 3.66
1075.47 , 38.5433 , 689.568 , 3.68
1075.75 , 38.2713 , 689.6758 , 3.7
1076.03 , 37.9913 , 689.7835 , 3.72
1076.31 , 37.7033 , 689.8912 , 3.74
1076.59 , 37.4073 , 689.999 , 3.76
1076.87 , 37.1033 , 690.1067 , 3.78
1077.15 , 36.7913 , 690.2145 , 3.8
1077.43 , 36.4713 , 690.3222 , 3.82
1077.71 , 36.1433 , 690.4299 , 3.84
1077.99 , 35.8073 , 690.5377 , 3.86
1078.27 , 35.4633 , 690.6454 , 3.88
1078.55 , 35.30615 , 690.7532 , 3.9
1078.83 , 35.34876 , 690.8609 , 3.92
1079.11 , 35.39137 , 690.9686 , 3.94
1079.39 , 35.43396 , 691.0764 , 3.96
1079.67 , 35.47655 , 691.1841 , 3.98
1079.947 , 35.51754 , 691.2991 , 4
1080.222 , 35.55768 , 691.4178 , 4.02
1080.498 , 35.61216 , 691.5364 , 4.04
1080.772 , 35.67096 , 691.6587 , 4.06
1081.046 , 35.72978 , 691.7809 , 4.08
1081.32 , 35.78857 , 691.9032 , 4.1
1081.594 , 35.84736 , 692.0255 , 4.12
1081.868 , 35.90618 , 692.1477 , 4.14
1082.141 , 35.92604 , 692.2699 , 4.16
1082.415 , 35.9232 , 692.3922 , 4.18
1082.689 , 35.92035 , 692.5144 , 4.2
1082.963 , 35.91751 , 692.6367 , 4.22
1083.237 , 35.91467 , 692.7589 , 4.24
1083.511 , 35.91182 , 692.8812 , 4.26
1083.785 , 35.90382 , 693.0034 , 4.28
1084.059 , 35.88868 , 693.1257 , 4.3
1084.333 , 35.88067 , 693.2479 , 4.32
1084.607 , 35.86467 , 693.3701 , 4.34
1084.881 , 35.846 , 693.4924 , 4.36
1085.155 , 35.838 , 693.6146 , 4.38
1085.429 , 35.822 , 693.7369 , 4.4
1085.703 , 35.80332 , 693.8591 , 4.42
1085.977 , 35.79532 , 693.9814 , 4.44
1086.251 , 35.78735 , 694.1036 , 4.46
1086.525 , 35.78597 , 694.2258 , 4.48
1086.799 , 35.78459 , 694.3481 , 4.5
1087.073 , 35.7832 , 694.4703 , 4.52
1087.347 , 35.78183 , 694.5926 , 4.54
1087.621 , 35.78045 , 694.7148 , 4.56
1087.895 , 35.77907 , 694.8371 , 4.58
1088.169 , 35.77768 , 694.9594 , 4.6
1088.443 , 35.7763 , 695.0815 , 4.62
1088.717 , 35.77492 , 695.2038 , 4.64
1088.991 , 35.7709 , 695.326 , 4.66
1089.265 , 35.76436 , 695.4483 , 4.68
1089.538 , 35.75782 , 695.5706 , 4.7
1089.812 , 35.75128 , 695.6928 , 4.72
1090.091 , 35.76585 , 695.8042 , 4.74
1090.375 , 35.78281 , 695.9009 , 4.76
1090.661 , 35.79543 , 695.9901 , 4.78
1090.96 , 35.79964 , 696.0217 , 4.8
1091.26 , 35.80002 , 696.0101 , 4.82
1091.555 , 35.79655 , 695.9557 , 4.84
1091.842 , 35.79033 , 695.8707 , 4.86
1092.13 , 35.78411 , 695.7858 , 4.88
1092.418 , 35.7779 , 695.7008 , 4.9
1092.705 , 35.77168 , 695.6158 , 4.92
1092.993 , 35.76546 , 695.5309 , 4.94
1093.281 , 35.75924 , 695.4459 , 4.96
1093.569 , 35.75302 , 695.3609 , 4.98
1093.856 , 35.75607 , 695.2759 , 5
1094.144 , 35.76437 , 695.191 , 5.02
1094.432 , 35.7729 , 695.106 , 5.04
1094.719 , 35.78143 , 695.0211 , 5.06
1095.007 , 35.78996 , 694.9361 , 5.08
1095.295 , 35.79848 , 694.8511 , 5.1
1095.583 , 35.807 , 694.7661 , 5.12
1095.87 , 35.81553 , 694.6812 , 5.14
1096.158 , 35.82405 , 694.5962 , 5.16
1096.446 , 35.83258 , 694.5112 , 5.18
1096.729 , 35.83897 , 694.4113 , 5.2
1096.996 , 35.83097 , 694.2753 , 5.22
1097.263 , 35.82056 , 694.1393 , 5.24
1097.489 , 35.81256 , 693.9418 , 5.26
1097.715 , 35.79656 , 693.7441 , 5.28
1097.941 , 35.78043 , 693.5465 , 5.3
1098.117 , 35.77243 , 693.304 , 5.32
1098.294 , 35.75643 , 693.0614 , 5.34
1098.47 , 35.73243 , 692.8188 , 5.36
1098.647 , 35.71102 , 692.5763 , 5.38
1098.82 , 35.70302 , 692.3314 , 5.4
1098.993 , 35.68702 , 692.0865 , 5.42
1099.167 , 35.66302 , 691.8417 , 5.44
1099.34 , 35.63102 , 691.5969 , 5.46
1099.513 , 35.59102 , 691.352 , 5.48
1099.687 , 35.54302 , 691.1072 , 5.5
1099.86 , 35.51686 , 690.8623 , 5.52
1100.033 , 35.50886 , 690.6174 , 5.54
1100.207 , 35.49286 , 690.3726 , 5.56
1100.38 , 35.46886 , 690.1277 , 5.58
1100.553 , 35.43686 , 689.8829 , 5.6
1100.727 , 35.39686 , 689.6381 , 5.62
1100.9 , 35.34886 , 689.3932 , 5.64
1101.073 , 35.29286 , 689.1484 , 5.66
1101.247 , 35.25567 , 688.9035 , 5.68
1101.423 , 35.24767 , 688.661 , 5.7
1101.6 , 35.23167 , 688.4184 , 5.72
1101.776 , 35.20767 , 688.1758 , 5.74
1101.953 , 35.17567 , 687.9333 , 5.76
1102.13 , 35.13567 , 687.6907 , 5.78
1102.306 , 35.08767 , 687.4481 , 5.8
1102.483 , 35.03889 , 687.2056 , 5.82
1102.681 , 35.0309 , 686.9802 , 5.84
1102.879 , 35.01489 , 686.7548 , 5.86
1103.077 , 34.99089 , 686.5294 , 5.88
1103.275 , 34.95889 , 686.304 , 5.9
1103.473 , 34.92631 , 686.0786 , 5.92
1103.696 , 34.91831 , 685.8781 , 5.94
1103.919 , 34.90231 , 685.6776 , 5.96
1104.142 , 34.87831 , 685.477 , 5.98
1104.365 , 34.84631 , 685.2764 , 6
1104.588 , 34.81945 , 685.0759 , 6.02
1104.811 , 34.81145 , 684.8753 , 6.04
1105.034 , 34.79545 , 684.6747 , 6.06
1105.257 , 34.77145 , 684.4742 , 6.08
1105.481 , 34.73945 , 684.2736 , 6.1
1105.704 , 34.74645 , 684.0731 , 6.12
1105.927 , 34.74725 , 683.8725 , 6.14
1106.15 , 34.73925 , 683.6719 , 6.16
1106.373 , 34.7271 , 683.4714 , 6.18
1106.596 , 34.74033 , 683.2709 , 6.2
1106.819 , 34.75354 , 683.0703 , 6.22
1107.042 , 34.76674 , 682.8698 , 6.24
1107.265 , 34.77995 , 682.6692 , 6.26
1107.489 , 34.79316 , 682.4686 , 6.28
1107.712 , 34.80637 , 682.2681 , 6.3
1107.935 , 34.8168 , 682.0675 , 6.32
1108.158 , 34.81809 , 681.8669 , 6.34
1108.384 , 34.82019 , 681.6693 , 6.36
1108.635 , 34.83111 , 681.5062 , 6.38
1108.906 , 34.84986 , 681.3772 , 6.4
1109.188 , 34.87393 , 681.2736 , 6.42
1109.487 , 34.96968 , 681.2503 , 6.44
1109.786 , 35.07685 , 681.2623 , 6.46
1110.083 , 35.18809 , 681.3095 , 6.48
1110.375 , 35.3012 , 681.3798 , 6.5
1110.661 , 35.41527 , 681.469 , 6.52
1110.945 , 35.52964 , 681.5657 , 6.54
1111.229 , 35.64395 , 681.6623 , 6.56
1111.513 , 35.74781 , 681.759 , 6.58
1111.797 , 35.84897 , 681.8557 , 6.6
1112.081 , 35.95017 , 681.9523 , 6.62
1112.365 , 36.05132 , 682.049 , 6.64
1112.649 , 36.15252 , 682.1456 , 6.66
1112.933 , 36.25368 , 682.2423 , 6.68
1113.217 , 36.3804 , 682.339 , 6.7
1113.501 , 36.52681 , 682.4356 , 6.72
1113.785 , 36.67328 , 682.5323 , 6.74
1114.079 , 36.81586 , 682.5911 , 6.76
1114.373 , 36.95844 , 682.6498 , 6.78
1114.673 , 37.09071 , 682.6501 , 6.8
1114.96 , 37.19741 , 682.5613 , 6.82
1115.222 , 37.28054 , 682.415 , 6.84
1115.417 , 37.31627 , 682.187 , 6.86
1115.37 , 37.30827 , 681.8907 , 6.88
1115.323 , 37.29227 , 681.5943 , 6.9
1115.277 , 37.26827 , 681.298 , 6.92
1115.23 , 37.23627 , 681.0016 , 6.94
1115.183 , 37.19627 , 680.7053 , 6.96
1115.137 , 37.14827 , 680.4089 , 6.98
1115.09 , 37.09227 , 680.1126 , 7
1115.043 , 37.02827 , 679.8163 , 7.02
1114.997 , 36.95627 , 679.5199 , 7.04
1114.95 , 36.87627 , 679.2236 , 7.06
1114.903 , 36.78827 , 678.9272 , 7.08
1114.856 , 36.69227 , 678.6309 , 7.1
1114.81 , 36.58827 , 678.3345 , 7.12
1114.763 , 36.47627 , 678.0382 , 7.14
1114.716 , 36.35627 , 677.7418 , 7.16
1114.67 , 36.22828 , 677.4455 , 7.18
1114.623 , 36.09227 , 677.1492 , 7.2
1114.576 , 35.94827 , 676.8528 , 7.22
1114.53 , 35.79627 , 676.5565 , 7.24
1114.483 , 35.63627 , 676.2601 , 7.26
1114.436 , 35.48432 , 675.9637 , 7.28
1114.529 , 35.47632 , 675.6785 , 7.3
1114.622 , 35.46032 , 675.3933 , 7.32
1114.715 , 35.43632 , 675.108 , 7.34
1114.808 , 35.43092 , 674.8228 , 7.36
1114.824 , 35.42292 , 674.5233 , 7.38
1114.84 , 35.40691 , 674.2236 , 7.4
1114.856 , 35.38292 , 673.9241 , 7.42
1114.872 , 35.35091 , 673.6245 , 7.44
1114.888 , 35.31092 , 673.325 , 7.46
1114.904 , 35.26292 , 673.0253 , 7.48
1114.92 , 35.20692 , 672.7258 , 7.5
1114.936 , 35.14291 , 672.4262 , 7.52
1114.952 , 35.07092 , 672.1266 , 7.54
1114.968 , 34.99173 , 671.827 , 7.56
1114.795 , 34.98373 , 671.5819 , 7.58
1114.622 , 34.96773 , 671.3368 , 7.6
1114.449 , 34.94373 , 671.0917 , 7.62
1114.276 , 34.91173 , 670.8465 , 7.64
1114.103 , 34.87173 , 670.6014 , 7.66
1113.93 , 34.82373 , 670.3563 , 7.68
1113.757 , 34.76773 , 670.1111 , 7.7
1113.584 , 34.70373 , 669.866 , 7.72
1113.411 , 34.63173 , 669.6208 , 7.74
1113.238 , 34.55173 , 669.3757 , 7.76
1113.065 , 34.46373 , 669.1306 , 7.78
1112.892 , 34.41636 , 668.8854 , 7.8
1112.885 , 34.40836 , 668.5855 , 7.82
1112.877 , 34.39236 , 668.2856 , 7.84
1112.869 , 34.373 , 667.9857 , 7.86
1112.866 , 34.37951 , 667.6857 , 7.88
1112.87 , 34.38235 , 667.3858 , 7.9
1112.874 , 34.38245 , 667.0858 , 7.92
1112.882 , 34.38264 , 666.7859 , 7.94
1112.894 , 34.38292 , 666.4861 , 7.96
1112.906 , 34.3832 , 666.1864 , 7.98
1112.934 , 34.38385 , 665.8877 , 8
1112.962 , 34.3845 , 665.589 , 8.02
1113.013 , 34.3857 , 665.2933 , 8.04
1113.071 , 34.38707 , 664.9991 , 8.059999
1113.134 , 34.38854 , 664.7058 , 8.08
1113.2 , 34.3901 , 664.4132 , 8.099999
1113.275 , 34.39831 , 664.1225 , 8.12
1113.36 , 34.40568 , 663.8349 , 8.139999
1113.496 , 34.42226 , 663.5677 , 8.16
1113.643 , 34.43985 , 663.3061 , 8.179999
1113.793 , 34.45778 , 663.0464 , 8.2
1113.944 , 34.4757 , 662.7867 , 8.22
1114.094 , 34.49363 , 662.527 , 8.24
1114.244 , 34.51155 , 662.2674 , 8.26
1114.394 , 34.52948 , 662.0077 , 8.28
1114.545 , 34.54742 , 661.748 , 8.3
1114.695 , 34.5609 , 661.4883 , 8.32
1114.845 , 34.56538 , 661.2286 , 8.34
1114.995 , 34.56985 , 660.9689 , 8.36
1115.145 , 34.57433 , 660.7092 , 8.38
1115.296 , 34.5788 , 660.4496 , 8.4
1115.446 , 34.58328 , 660.1899 , 8.42
1115.593 , 34.58551 , 659.9283 , 8.44
1115.739 , 34.58725 , 659.6666 , 8.46
1115.886 , 34.58899 , 659.405 , 8.48
1116.033 , 34.59072 , 659.1434 , 8.5
1116.18 , 34.59111 , 658.8818 , 8.52
1116.327 , 34.59093 , 658.6201 , 8.54
1116.473 , 34.59075 , 658.3585 , 8.559999
